lib_openvpn/build/intermediates/manifest_merge_blame_file/release/processReleaseManifest/manifest-merger-blame-release-report.txt
1<?xml version="1.0" encoding="utf-8"?>
2<manifest xmlns:android="http://schemas.android.com/apk/res/android"
3    xmlns:tools="http://schemas.android.com/tools"
4    package="de.blinkt.openvpn" >
5
6    <uses-sdk android:minSdkVersion="21" />
7
8    <uses-permission android:name="android.permission.INTERNET" />
8-->src\main\AndroidManifest.xml:5:5-67
8-->src\main\AndroidManifest.xml:5:22-64
9    <uses-permission android:name="android.permission.ACCESS_NETWORK_STATE" />
9-->src\main\AndroidManifest.xml:6:5-79
9-->src\main\AndroidManifest.xml:6:22-76
10    <uses-permission android:name="android.permission.RECEIVE_BOOT_COMPLETED" />
10-->src\main\AndroidManifest.xml:7:5-81
10-->src\main\AndroidManifest.xml:7:22-78
11    <uses-permission android:name="android.permission.READ_EXTERNAL_STORAGE" />
11-->src\main\AndroidManifest.xml:8:5-80
11-->src\main\AndroidManifest.xml:8:22-77
12    <uses-permission android:name="android.permission.FOREGROUND_SERVICE" />
12-->src\main\AndroidManifest.xml:9:5-77
12-->src\main\AndroidManifest.xml:9:22-74
13    <uses-permission android:name="android.permission.POST_NOTIFICATIONS" />
13-->src\main\AndroidManifest.xml:10:5-77
13-->src\main\AndroidManifest.xml:10:22-74
14    <uses-permission android:name="android.permission.FOREGROUND_SERVICE_SPECIAL_USE" />
14-->src\main\AndroidManifest.xml:11:5-89
14-->src\main\AndroidManifest.xml:11:22-86
15
16    <!--
17     Used to show all apps in the allowed Apps selection,
18         this app needs the list the app in the allow/deny apps over the VPN
19    -->
20    <!--
21<uses-permission android:name="android.permission.QUERY_ALL_PACKAGES"
22            tools:ignore="QueryAllPackagesPermission" />
23    -->
24    <application
24-->src\main\AndroidManifest.xml:19:5-144:19
25        android:name="de.blinkt.openvpn.core.ICSOpenVPNApplication"
25-->src\main\AndroidManifest.xml:20:9-51
26        android:allowBackup="true"
26-->src\main\AndroidManifest.xml:21:9-35
27        android:appCategory="productivity"
27-->src\main\AndroidManifest.xml:23:9-43
28        android:extractNativeLibs="true"
28-->src\main\AndroidManifest.xml:22:9-41
29        android:icon="@mipmap/ic_launcher"
29-->src\main\AndroidManifest.xml:24:9-43
30        android:label="@string/app"
30-->src\main\AndroidManifest.xml:26:9-36
31        android:roundIcon="@mipmap/ic_launcher_round"
31-->src\main\AndroidManifest.xml:25:9-54
32        android:supportsRtl="true"
32-->src\main\AndroidManifest.xml:27:9-35
33        android:theme="@style/blinkt"
33-->src\main\AndroidManifest.xml:28:9-38
34        tools:ignore="UnusedAttribute" >
34-->src\main\AndroidManifest.xml:29:9-39
35        <meta-data
35-->src\main\AndroidManifest.xml:30:9-32:56
36            android:name="android.content.APP_RESTRICTIONS"
36-->src\main\AndroidManifest.xml:31:13-60
37            android:resource="@xml/app_restrictions" />
37-->src\main\AndroidManifest.xml:32:13-53
38
39        <activity
39-->src\main\AndroidManifest.xml:34:9-40:52
40            android:name="de.blinkt.openvpn.activities.DisconnectVPN"
40-->src\main\AndroidManifest.xml:35:13-53
41            android:autoRemoveFromRecents="true"
41-->src\main\AndroidManifest.xml:36:13-49
42            android:excludeFromRecents="true"
42-->src\main\AndroidManifest.xml:37:13-46
43            android:noHistory="true"
43-->src\main\AndroidManifest.xml:38:13-37
44            android:taskAffinity=".DisconnectVPN"
44-->src\main\AndroidManifest.xml:39:13-50
45            android:theme="@style/blinkt.dialog" />
45-->src\main\AndroidManifest.xml:40:13-49
46
47        <service
47-->src\main\AndroidManifest.xml:43:9-54:19
48            android:name="de.blinkt.openvpn.core.OpenVPNService"
48-->src\main\AndroidManifest.xml:44:13-48
49            android:exported="true"
49-->src\main\AndroidManifest.xml:45:13-36
50            android:foregroundServiceType="specialUse"
50-->src\main\AndroidManifest.xml:47:13-55
51            android:permission="android.permission.BIND_VPN_SERVICE"
51-->src\main\AndroidManifest.xml:46:13-69
52            android:process=":openvpn" >
52-->src\main\AndroidManifest.xml:48:13-39
53            <intent-filter>
53-->src\main\AndroidManifest.xml:49:13-51:29
54                <action android:name="android.net.VpnService" />
54-->src\main\AndroidManifest.xml:50:17-65
54-->src\main\AndroidManifest.xml:50:25-62
55            </intent-filter>
56
57            <property
57-->src\main\AndroidManifest.xml:52:13-104
58                android:name="android.app.PROPERTY_SPECIAL_USE_FGS_SUBTYPE"
58-->src\main\AndroidManifest.xml:52:23-82
59                android:value="vpn" />
59-->src\main\AndroidManifest.xml:52:83-102
60        </service>
61        <service
61-->src\main\AndroidManifest.xml:55:9-63:19
62            android:name="de.blinkt.openvpn.api.ExternalOpenVPNService"
62-->src\main\AndroidManifest.xml:56:13-55
63            android:exported="true"
63-->src\main\AndroidManifest.xml:58:13-36
64            android:process=":openvpn"
64-->src\main\AndroidManifest.xml:57:13-39
65            tools:ignore="ExportedService" >
65-->src\main\AndroidManifest.xml:59:17-47
66            <intent-filter>
66-->src\main\AndroidManifest.xml:60:13-62:29
67                <action android:name="de.blinkt.openvpn.api.IOpenVPNAPIService" />
67-->src\main\AndroidManifest.xml:61:17-83
67-->src\main\AndroidManifest.xml:61:25-80
68            </intent-filter>
69        </service>
70        <service
70-->src\main\AndroidManifest.xml:64:9-67:42
71            android:name="de.blinkt.openvpn.core.OpenVPNStatusService"
71-->src\main\AndroidManifest.xml:65:13-54
72            android:exported="false"
72-->src\main\AndroidManifest.xml:66:13-37
73            android:process=":openvpn" />
73-->src\main\AndroidManifest.xml:67:13-39
74
75        <activity
75-->src\main\AndroidManifest.xml:69:9-74:20
76            android:name="de.blinkt.openvpn.api.GrantPermissionsActivity"
76-->src\main\AndroidManifest.xml:69:19-63
77            android:exported="true" >
77-->src\main\AndroidManifest.xml:70:17-40
78            <intent-filter>
78-->src\main\AndroidManifest.xml:71:13-73:29
79                <action android:name="android.intent.action.MAIN" />
79-->src\main\AndroidManifest.xml:72:17-69
79-->src\main\AndroidManifest.xml:72:25-66
80            </intent-filter>
81        </activity>
82        <activity
82-->src\main\AndroidManifest.xml:75:9-80:20
83            android:name="de.blinkt.openvpn.api.ConfirmDialog"
83-->src\main\AndroidManifest.xml:75:19-52
84            android:exported="true" >
84-->src\main\AndroidManifest.xml:76:17-40
85            <intent-filter>
85-->src\main\AndroidManifest.xml:71:13-73:29
86                <action android:name="android.intent.action.MAIN" />
86-->src\main\AndroidManifest.xml:72:17-69
86-->src\main\AndroidManifest.xml:72:25-66
87            </intent-filter>
88        </activity>
89
90        <receiver
90-->src\main\AndroidManifest.xml:82:9-88:20
91            android:name="de.blinkt.openvpn.OnBootReceiver"
91-->src\main\AndroidManifest.xml:82:19-49
92            android:exported="true" >
92-->src\main\AndroidManifest.xml:83:17-40
93            <intent-filter android:priority="999" >
93-->src\main\AndroidManifest.xml:84:13-87:29
93-->src\main\AndroidManifest.xml:84:28-50
94                <action android:name="android.intent.action.BOOT_COMPLETED" />
94-->src\main\AndroidManifest.xml:85:17-79
94-->src\main\AndroidManifest.xml:85:25-76
95                <action android:name="android.intent.action.MY_PACKAGE_REPLACED" />
95-->src\main\AndroidManifest.xml:86:17-84
95-->src\main\AndroidManifest.xml:86:25-81
96            </intent-filter>
97        </receiver>
98
99        <service
99-->src\main\AndroidManifest.xml:90:9-93:75
100            android:name="de.blinkt.openvpn.core.keepVPNAlive"
100-->src\main\AndroidManifest.xml:90:18-51
101            android:exported="true"
101-->src\main\AndroidManifest.xml:92:17-40
102            android:permission="android.permission.BIND_JOB_SERVICE"
102-->src\main\AndroidManifest.xml:93:17-73
103            android:process=":openvpn" />
103-->src\main\AndroidManifest.xml:91:17-43
104
105        <activity
105-->src\main\AndroidManifest.xml:96:9-110:20
106            android:name="de.blinkt.openvpn.LaunchVPN"
106-->src\main\AndroidManifest.xml:97:13-38
107            android:autoRemoveFromRecents="true"
107-->src\main\AndroidManifest.xml:98:13-49
108            android:excludeFromRecents="true"
108-->src\main\AndroidManifest.xml:99:13-46
109            android:exported="true"
109-->src\main\AndroidManifest.xml:103:13-36
110            android:label="@string/vpn_launch_title"
110-->src\main\AndroidManifest.xml:100:13-53
111            android:taskAffinity=".LaunchVPN"
111-->src\main\AndroidManifest.xml:101:13-46
112            android:theme="@style/blinkt.dialog" >
112-->src\main\AndroidManifest.xml:102:13-49
113            <intent-filter>
113-->src\main\AndroidManifest.xml:105:13-109:29
114                <action android:name="android.intent.action.MAIN" />
114-->src\main\AndroidManifest.xml:72:17-69
114-->src\main\AndroidManifest.xml:72:25-66
115
116                <category android:name="android.intent.category.DEFAULT" />
116-->src\main\AndroidManifest.xml:108:17-76
116-->src\main\AndroidManifest.xml:108:27-73
117            </intent-filter>
118        </activity>
119        <!--
120        <receiver android:name="core.GetRestrictionReceiver">
121            <intent-filter>
122                <action android:name="android.intent.action.GET_RESTRICTION_ENTRIES" />
123            </intent-filter>
124        </receiver>
125        -->
126        <activity
126-->src\main\AndroidManifest.xml:118:9-125:19
127            android:name="de.blinkt.openvpn.api.RemoteAction"
127-->src\main\AndroidManifest.xml:118:19-51
128            android:autoRemoveFromRecents="true"
128-->src\main\AndroidManifest.xml:120:17-53
129            android:excludeFromRecents="true"
129-->src\main\AndroidManifest.xml:121:17-50
130            android:launchMode="singleInstance"
130-->src\main\AndroidManifest.xml:119:17-52
131            android:noHistory="true"
131-->src\main\AndroidManifest.xml:124:17-41
132            android:taskAffinity=".LaunchVPN"
132-->src\main\AndroidManifest.xml:122:17-50
133            android:theme="@style/blinkt.dialog" />
133-->src\main\AndroidManifest.xml:123:17-53
134
135        <activity-alias
135-->src\main\AndroidManifest.xml:139:9-142:62
136            android:name="de.blinkt.openvpn.api.ResumeVPN"
136-->src\main\AndroidManifest.xml:140:17-46
137            android:exported="true"
137-->src\main\AndroidManifest.xml:141:17-40
138            android:targetActivity="de.blinkt.openvpn.api.RemoteAction" />
138-->src\main\AndroidManifest.xml:142:17-59
139        <activity-alias
139-->src\main\AndroidManifest.xml:135:9-138:62
140            android:name="de.blinkt.openvpn.api.PauseVPN"
140-->src\main\AndroidManifest.xml:136:17-45
141            android:exported="true"
141-->src\main\AndroidManifest.xml:137:17-40
142            android:targetActivity="de.blinkt.openvpn.api.RemoteAction" />
142-->src\main\AndroidManifest.xml:138:17-59
143        <activity-alias
143-->src\main\AndroidManifest.xml:131:9-134:58
144            android:name="de.blinkt.openvpn.api.DisconnectVPN"
144-->src\main\AndroidManifest.xml:132:13-46
145            android:exported="true"
145-->src\main\AndroidManifest.xml:133:13-36
146            android:targetActivity="de.blinkt.openvpn.api.RemoteAction" />
146-->src\main\AndroidManifest.xml:134:13-55
147        <activity-alias
147-->src\main\AndroidManifest.xml:127:9-130:58
148            android:name="de.blinkt.openvpn.api.ConnectVPN"
148-->src\main\AndroidManifest.xml:128:13-43
149            android:exported="true"
149-->src\main\AndroidManifest.xml:129:13-36
150            android:targetActivity="de.blinkt.openvpn.api.RemoteAction" />
150-->src\main\AndroidManifest.xml:130:13-55
151    </application>
152
153</manifest>